SF:lib\payment_method\api\payment_method_client.dart
DA:15,0
DA:28,0
DA:29,0
DA:32,0
DA:33,0
DA:35,0
DA:39,0
DA:41,0
DA:42,0
DA:44,0
DA:46,0
DA:47,0
DA:49,0
DA:53,0
DA:57,0
DA:59,0
DA:62,0
DA:63,0
DA:67,0
DA:69,0
LF:20
LH:0
end_of_record
SF:lib\payment_method\logic\payment_method_provider.dart
DA:11,1
DA:13,1
DA:14,1
DA:15,4
DA:16,2
DA:17,1
DA:18,1
DA:19,0
DA:20,0
LF:9
LH:7
end_of_record
SF:lib\payment_method\logic\payment_method_setting_provider.dart
DA:11,1
DA:13,1
DA:14,1
DA:15,4
DA:16,2
DA:17,1
DA:18,1
DA:19,0
DA:20,0
LF:9
LH:7
end_of_record
SF:lib\payment_method\models\payment_method.dart
DA:11,1
DA:21,0
DA:22,0
DA:23,0
DA:24,0
DA:25,0
DA:26,0
DA:27,0
DA:28,0
DA:29,0
DA:32,0
DA:33,0
DA:34,0
DA:35,0
DA:36,0
DA:37,0
DA:38,0
DA:39,0
DA:40,0
DA:41,0
LF:20
LH:1
end_of_record
SF:lib\payment_method\models\payment_method_setting.dart
DA:19,1
DA:37,0
DA:38,0
DA:39,0
DA:40,0
DA:41,0
DA:42,0
DA:43,0
DA:44,0
DA:45,0
DA:46,0
DA:47,0
DA:48,0
DA:49,0
DA:50,0
DA:51,0
DA:52,0
DA:53,0
DA:56,0
DA:57,0
DA:58,0
DA:59,0
DA:60,0
DA:61,0
DA:62,0
DA:63,0
DA:64,0
DA:65,0
DA:66,0
DA:67,0
DA:68,0
DA:69,0
DA:70,0
DA:71,0
DA:72,0
DA:73,0
LF:36
LH:1
end_of_record
SF:lib\payment_method\views\add_payment_method_page.dart
DA:9,3
DA:11,1
DA:12,1
DA:20,1
DA:23,1
DA:24,2
DA:25,2
DA:28,1
DA:31,1
DA:32,2
DA:33,2
DA:36,1
DA:38,1
DA:42,1
DA:43,1
DA:45,1
DA:46,1
DA:48,1
DA:49,1
DA:50,1
DA:53,1
DA:55,4
DA:63,1
DA:64,1
DA:65,1
DA:66,1
DA:68,1
DA:72,1
DA:73,1
DA:74,1
DA:79,1
DA:80,1
DA:90,3
DA:91,1
DA:93,1
DA:95,1
DA:96,0
DA:97,0
DA:98,0
DA:106,1
DA:107,1
DA:113,1
DA:114,1
DA:122,1
DA:123,1
DA:124,1
DA:126,1
DA:128,0
DA:139,1
DA:140,4
DA:142,1
DA:144,4
DA:145,1
DA:147,0
DA:149,0
DA:150,0
LF:56
LH:49
end_of_record
SF:lib\payment_method\views\payment_method_item.dart
DA:7,2
DA:9,1
DA:11,1
DA:12,1
DA:13,1
DA:25,1
DA:26,2
DA:31,1
DA:32,2
DA:33,1
DA:34,1
LF:11
LH:11
end_of_record
SF:lib\payment_method\views\wallet_item.dart
DA:10,1
DA:14,1
DA:16,1
DA:18,1
DA:19,1
DA:20,1
DA:22,0
DA:24,1
DA:25,2
DA:29,1
DA:30,2
LF:11
LH:10
end_of_record
SF:lib\widgets\app_button.dart
DA:7,1
DA:8,1
DA:10,1
DA:12,1
DA:13,1
DA:15,1
DA:16,1
DA:19,1
DA:20,1
DA:21,1
DA:22,1
DA:24,4
LF:12
LH:12
end_of_record
SF:lib\widgets\app_textfield.dart
DA:7,1
DA:8,1
DA:10,1
DA:12,1
DA:15,1
DA:16,1
DA:18,1
DA:19,1
DA:28,1
DA:29,1
DA:30,1
DA:34,1
DA:36,2
DA:41,2
LF:14
LH:14
end_of_record
SF:lib\payment_method\views\payment_method_page.dart
DA:16,2
DA:18,1
DA:19,1
DA:25,1
DA:28,1
DA:29,3
DA:30,3
DA:34,1
DA:36,1
DA:37,1
DA:41,1
DA:42,1
DA:44,1
DA:46,1
DA:47,1
DA:48,1
DA:51,1
DA:53,4
DA:58,2
DA:59,0
DA:60,0
DA:61,0
DA:69,2
DA:70,1
DA:71,1
DA:72,0
DA:73,0
DA:74,0
DA:80,1
DA:81,2
DA:82,1
DA:84,4
DA:90,1
DA:91,1
DA:92,1
DA:96,1
DA:97,1
DA:98,1
DA:101,1
DA:104,1
DA:105,1
DA:114,1
DA:116,1
DA:119,1
DA:120,1
DA:121,1
DA:122,1
DA:127,1
DA:130,1
DA:131,1
DA:132,1
DA:133,1
DA:134,1
DA:135,1
DA:138,1
DA:139,1
DA:140,1
DA:141,1
DA:143,1
DA:145,1
DA:148,1
DA:149,1
DA:150,1
DA:151,1
DA:163,1
DA:166,1
DA:169,1
DA:177,1
DA:178,1
DA:179,1
DA:180,1
DA:181,1
DA:183,1
DA:184,1
DA:207,1
DA:210,1
DA:212,1
DA:213,1
DA:214,1
DA:215,1
DA:216,1
DA:221,1
DA:222,1
DA:223,1
DA:225,1
DA:227,1
DA:228,1
DA:230,1
DA:231,1
DA:232,1
DA:233,1
DA:234,1
DA:235,1
DA:244,1
DA:245,1
DA:246,1
DA:247,1
DA:248,2
DA:250,1
DA:254,1
DA:257,1
DA:258,1
DA:262,1
DA:266,1
DA:268,1
DA:269,3
DA:272,1
DA:273,1
DA:275,1
DA:276,1
DA:277,1
DA:291,1
DA:292,0
DA:293,0
DA:319,1
DA:321,2
DA:323,0
DA:324,0
DA:325,0
DA:327,0
DA:328,0
DA:342,2
DA:345,1
DA:346,1
DA:348,0
DA:349,0
DA:350,0
DA:352,0
DA:353,0
DA:361,1
DA:362,1
DA:363,1
DA:364,1
DA:370,1
DA:373,1
DA:376,1
DA:377,1
DA:378,1
DA:381,0
DA:390,1
DA:395,1
DA:434,1
DA:445,1
DA:447,1
DA:455,1
DA:464,1
DA:468,1
DA:480,1
DA:482,1
DA:483,4
DA:491,1
DA:497,1
DA:500,1
DA:501,1
DA:502,2
DA:505,1
DA:508,0
DA:510,0
DA:511,0
DA:527,0
DA:533,1
LF:161
LH:138
end_of_record
SF:lib\core\base_provider.dart
DA:7,1
DA:8,3
DA:11,1
LF:3
LH:3
end_of_record
SF:lib\ejara_app.dart
DA:10,1
DA:13,0
DA:15,0
DA:16,0
DA:17,0
DA:18,0
DA:20,0
DA:23,0
DA:24,0
LF:9
LH:1
end_of_record
SF:lib\theme\theme.dart
DA:4,0
DA:5,0
DA:7,0
DA:16,0
DA:17,0
DA:19,0
LF:6
LH:0
end_of_record
SF:lib\env\env.g.dart
DA:110,0
DA:111,0
DA:112,0
DA:113,0
DA:215,0
DA:216,0
DA:217,0
DA:218,0
DA:274,0
DA:275,0
DA:276,0
DA:277,0
DA:303,0
DA:304,0
DA:305,0
DA:306,0
DA:322,0
DA:323,0
DA:324,0
DA:325,0
DA:355,0
DA:356,0
DA:357,0
DA:358,0
DA:376,0
DA:377,0
DA:378,0
DA:379,0
DA:405,0
DA:406,0
DA:407,0
DA:408,0
DA:464,0
DA:465,0
DA:466,0
DA:467,0
LF:36
LH:0
end_of_record
SF:lib\env\env.dart
DA:7,0
DA:10,0
DA:14,0
DA:17,0
DA:20,0
DA:23,0
DA:26,0
DA:29,0
DA:32,0
LF:9
LH:0
end_of_record
SF:lib\helper\shared_preference_helper.dart
DA:9,0
DA:12,0
DA:13,0
DA:14,0
DA:18,0
DA:19,0
DA:20,0
DA:24,0
DA:25,0
DA:26,0
LF:10
LH:0
end_of_record
SF:lib\main.dart
DA:8,0
DA:9,0
DA:10,0
DA:11,0
DA:12,0
DA:13,0
DA:15,0
LF:7
LH:0
end_of_record
SF:lib\network\dio.dart
DA:7,0
DA:10,0
DA:11,0
DA:12,0
DA:13,0
DA:14,0
DA:15,0
DA:22,0
DA:23,0
DA:24,0
DA:28,0
DA:29,0
DA:30,0
DA:31,0
DA:32,0
DA:34,0
LF:16
LH:0
end_of_record
SF:lib\network\interceptor.dart
DA:12,0
DA:15,0
DA:16,0
DA:18,0
DA:19,0
DA:23,0
DA:24,0
DA:26,0
DA:29,0
DA:31,0
DA:32,0
DA:33,0
DA:34,0
DA:37,0
DA:38,0
DA:39,0
DA:40,0
DA:41,0
DA:43,0
DA:44,0
DA:45,0
DA:46,0
DA:52,0
DA:53,0
DA:54,0
DA:55,0
DA:60,0
DA:61,0
DA:63,0
DA:64,0
DA:65,0
DA:68,0
DA:69,0
DA:70,0
DA:71,0
DA:74,0
DA:75,0
DA:76,0
DA:82,0
LF:39
LH:0
end_of_record
SF:lib\widgets\appbar.dart
DA:4,2
DA:6,1
DA:8,1
DA:11,1
DA:13,1
DA:14,0
DA:15,1
DA:30,1
LF:8
LH:7
end_of_record
